The script executed in the mode: 
4The script executed in the mode: 
4The script executed in the mode: 
The script executed in the mode: 
4The script executed in the mode: 
4The script executed in the mode: 4
The script executed in the mode: 4

2022-05-06 14:01:02.770569
The script executed in the mode: 4
2022-05-09 17:11:43.923286
+-----------------------------------+-------------+----------------------------+
|         Log description:          | Log value:  |           Date:            |
+-----------------------------------+-------------+----------------------------+
| The script executed in the mode:  |      4      | 2022-05-09 17:11:43.923286 |
+-----------------------------------+-------------+----------------------------+
2022-05-09 17:13:54.542526
+----------------------------------+-------------+----------------------------+
|        Log description:          | Log value:  |           Date:            |
+----------------------------------+-------------+----------------------------+
| The script executed in the mode  |      4      | 2022-05-09 17:13:54.542526 |
+----------------------------------+-------------+----------------------------+
2022-05-09 17:15:29.897787
+----------------------------------+-------------+----------------------------+
|        Log description:          | Log value:  |           Date:            |
+----------------------------------+-------------+----------------------------+
| The script executed in the mode  |      4      | 2022-05-09 17:15:29.897787 |
|       2nd line description       |      4      | 2022-05-09 17:15:29.897787 |
+----------------------------------+-------------+----------------------------+
2022-05-09 17:04:21.581653
